\BOOKMARK [0][-]{chapter.1}{\376\377\000P\000r\000i\000m\000e\000r\000\040\000a\000c\000e\000r\000c\000a\000m\000i\000e\000n\000t\000o\000\040\000a\000\040\000A\000R\000P\000I}{}% 1
\BOOKMARK [1][-]{section.1.1}{\376\377\000D\000e\000s\000c\000r\000i\000p\000c\000i\000\363\000n}{chapter.1}% 2
\BOOKMARK [1][-]{section.1.2}{\376\377\000M\000o\000t\000i\000v\000a\000c\000i\000\363\000n}{chapter.1}% 3
\BOOKMARK [2][-]{subsection.1.2.1}{\376\377\000P\000l\000a\000n\000t\000e\000a\000m\000i\000e\000n\000t\000o\000\040\000d\000e\000l\000\040\000p\000r\000o\000b\000l\000e\000m\000a}{section.1.2}% 4
\BOOKMARK [2][-]{subsection.1.2.2}{\376\377\000C\000o\000m\000p\000e\000t\000e\000n\000c\000i\000a}{section.1.2}% 5
\BOOKMARK [2][-]{subsection.1.2.3}{\376\377\000P\000l\000a\000z\000o\000\040\000d\000e\000\040\000a\000m\000o\000r\000t\000i\000z\000a\000c\000i\000\363\000n}{section.1.2}% 6
\BOOKMARK [2][-]{subsection.1.2.4}{\376\377\000O\000p\000i\000n\000i\000o\000n\000e\000s}{section.1.2}% 7
\BOOKMARK [1][-]{section.1.3}{\376\377\000S\000o\000f\000t\000w\000a\000r\000e\000\040\000y\000\040\000H\000a\000r\000d\000w\000a\000r\000e\000\040\000a\000\040\000u\000t\000i\000l\000i\000z\000a\000r}{chapter.1}% 8
\BOOKMARK [2][-]{subsection.1.3.1}{\376\377\000S\000o\000f\000t\000w\000a\000r\000e}{section.1.3}% 9
\BOOKMARK [2][-]{subsection.1.3.2}{\376\377\000H\000a\000r\000d\000w\000a\000r\000e}{section.1.3}% 10
\BOOKMARK [0][-]{chapter.2}{\376\377\000I\000m\000p\000e\000m\000e\000n\000t\000a\000c\000i\000\363\000n\000\040\000e\000n\000\040\000U\000n\000i\000t\000y}{}% 11
\BOOKMARK [1][-]{section.2.1}{\376\377\000R\000e\000c\000o\000n\000o\000c\000i\000m\000i\000e\000n\000t\000o\000\040\000d\000e\000l\000\040\000p\000i\000a\000n\000o}{chapter.2}% 12
\BOOKMARK [2][-]{subsection.2.1.1}{\376\377\000I\000n\000s\000t\000a\000l\000a\000c\000i\000\363\000n\000\040\000d\000e\000\040\000V\000u\000f\000o\000r\000i\000a}{section.2.1}% 13
\BOOKMARK [2][-]{subsection.2.1.2}{\376\377\000A\000l\000g\000o\000r\000i\000t\000m\000o\000\040\000d\000e\000\040\000r\000e\000c\000o\000n\000o\000c\000i\000m\000i\000e\000n\000t\000o}{section.2.1}% 14
\BOOKMARK [1][-]{section.2.2}{\376\377\000R\000e\000c\000o\000n\000o\000c\000i\000m\000i\000e\000n\000t\000o\000\040\000d\000e\000l\000\040\000a\000u\000d\000i\000o}{chapter.2}% 15
\BOOKMARK [2][-]{subsection.2.2.1}{\376\377\000C\000a\000p\000t\000u\000r\000a\000\040\000d\000e\000l\000\040\000m\000i\000c\000r\000\363\000f\000o\000n\000o\000\040\000e\000n\000\040\000t\000i\000e\000m\000p\000o\000\040\000r\000e\000a\000l}{section.2.2}% 16
\BOOKMARK [2][-]{subsection.2.2.2}{\376\377\000P\000r\000o\000c\000e\000s\000a\000m\000i\000e\000n\000t\000o\000\040\000d\000e\000l\000\040\000a\000u\000d\000i\000o\000\040\000y\000\040\000n\000o\000t\000a\000c\000i\000\363\000n\000\040\000m\000u\000s\000i\000c\000a\000l}{section.2.2}% 17
\BOOKMARK [1][-]{section.2.3}{\376\377\000I\000m\000p\000l\000e\000m\000e\000n\000t\000a\000c\000i\000\363\000n\000\040\000d\000e\000\040\000l\000o\000s\000\040\000m\000e\000n\000\372\000s}{chapter.2}% 18
\BOOKMARK [2][-]{subsection.2.3.1}{\376\377\000E\000s\000c\000e\000n\000a\000\040\000p\000a\000r\000a\000\040\000t\000o\000c\000a\000r}{section.2.3}% 19
\BOOKMARK [1][-]{section.2.4}{\376\377\000I\000m\000p\000l\000e\000m\000e\000n\000t\000a\000c\000i\000\363\000n\000\040\000d\000e\000\040\000l\000a\000\040\000l\000\363\000g\000i\000c\000a\000\040\000d\000e\000\040\000j\000u\000e\000g\000o}{chapter.2}% 20
\BOOKMARK [2][-]{subsection.2.4.1}{\376\377\000P\000i\000a\000n\000o\000O\000b\000j\000e\000c\000t}{section.2.4}% 21
\BOOKMARK [2][-]{subsection.2.4.2}{\376\377\000N\000o\000t\000e\000O\000b\000j\000e\000c\000t}{section.2.4}% 22
\BOOKMARK [2][-]{subsection.2.4.3}{\376\377\000B\000e\000a\000t\000S\000c\000r\000o\000l\000l\000e\000r}{section.2.4}% 23
\BOOKMARK [2][-]{subsection.2.4.4}{\376\377\000S\000o\000n\000g\000S\000e\000l\000e\000c\000t\000o\000r}{section.2.4}% 24
